2021-02-18 17:09:44 INFO:log:Inicio programa
2021-02-18 17:09:44 INFO:log:Leyendo config
2021-02-18 17:09:44 ERROR:log:ERROR, ERROR, ERROR
2021-02-18 17:09:44 INFO:log:Fin de la ejecucion.
2021-02-18 17:11:03 INFO:log:Inicio programa
2021-02-18 17:11:03 INFO:log:Leyendo config
2021-02-18 17:11:03 ERROR:log:ERROR, ERROR, ERROR
2021-02-18 17:11:03 INFO:log:Fin de la ejecucion.
2021-02-18 17:17:47 INFO:log:Inicio programa
2021-02-18 17:17:47 INFO:log:Leyendo config
2021-02-18 17:17:47 ERROR:log:ERROR, ERROR, ERROR
2021-02-18 17:17:47 INFO:log:Fin de la ejecucion.
2021-02-18 17:18:27 INFO:log:Inicio programa
2021-02-18 17:18:27 INFO:log:Leyendo config
2021-02-18 17:18:27 ERROR:log:ERROR, ERROR, ERROR
2021-02-18 17:18:27 INFO:log:Fin de la ejecucion.
2021-02-18 17:24:05 INFO:log:Inicio programa
2021-02-18 17:24:05 INFO:log:Leyendo config
2021-02-18 17:24:05 ERROR:log:ERROR, ERROR, ERROR
2021-02-18 17:24:05 INFO:log:Fin de la ejecucion.
2021-02-18 17:25:15 INFO:log:Inicio programa
2021-02-18 17:25:15 INFO:log:Leyendo config
2021-02-18 17:25:15 INFO:log:Config leido
2021-02-18 17:25:15 INFO:log:Leyendo datos
2021-02-18 17:27:10 INFO:log:Datos leidos
2021-02-18 17:27:10 INFO:log:Fin de la ejecucion.
